<?xml version="1.0" encoding="UTF-8"?>
<!-- Generated by org.testng.reporters.JUnitXMLReporter -->
<testsuite hostname="LAPTOP-RKLP3EC1" ignored="3" name="Test" tests="1" failures="0" timestamp="2022-03-24T00:41:25 IST" time="17.107" errors="0">
  <testcase name="verifytest4" time="17.072" classname="test1.Test1"/>
  <testcase name="verifytest1" time="0.0" classname="test1.Test1">
    <ignored/>
  </testcase> <!-- verifytest1 -->
  <testcase name="verifytest3" time="0.0" classname="test1.Test1">
    <ignored/>
  </testcase> <!-- verifytest3 -->
  <testcase name="verifytest2" time="0.0" classname="test1.Test1">
    <ignored/>
  </testcase> <!-- verifytest2 -->
</testsuite> <!-- Test -->
