<?xml version="1.0" encoding="UTF-8"?>
<testng-results skipped="0" failed="0" ignored="3" total="4" passed="1">
  <reporter-output>
  </reporter-output>
  <suite name="Suite" duration-ms="17107" started-at="2022-03-24T00:41:08 IST" finished-at="2022-03-24T00:41:25 IST">
    <groups>
      <group name="sanity">
        <method signature="Test1.verifytest4()[pri:0, instance:test1.Test1@2a17b7b6]" name="verifytest4" class="test1.Test1"/>
      </group> <!-- sanity -->
    </groups>
    <test name="Test" duration-ms="17107" started-at="2022-03-24T00:41:08 IST" finished-at="2022-03-24T00:41:25 IST">
      <class name="test1.Test1">
        <test-method status="PASS" signature="verifytest4()[pri:0, instance:test1.Test1@2a17b7b6]" name="verifytest4" duration-ms="17072" started-at="2022-03-24T00:41:08 IST" finished-at="2022-03-24T00:41:25 IST">
          <reporter-output>
          </reporter-output>
        </test-method> <!-- verifytest4 -->
      </class> <!-- test1.Test1 -->
    </test> <!-- Test -->
  </suite> <!-- Suite -->
</testng-results>
