<?xml version="1.0" encoding="UTF-8"?>
<testng-results skipped="0" failed="0" ignored="0" total="1" passed="1">
  <reporter-output>
  </reporter-output>
  <suite name="Default suite" duration-ms="7766" started-at="2022-03-25T15:14:32 IST" finished-at="2022-03-25T15:14:39 IST">
    <groups>
    </groups>
    <test name="Default test" duration-ms="7766" started-at="2022-03-25T15:14:32 IST" finished-at="2022-03-25T15:14:39 IST">
      <class name="implicitwait.WaitTest">
        <test-method status="PASS" signature="setUp()[pri:0, instance:implicitwait.WaitTest@462d5aee]" name="setUp" is-config="true" duration-ms="5166" started-at="2022-03-25T15:14:32 IST" finished-at="2022-03-25T15:14:37 IST">
          <reporter-output>
          </reporter-output>
        </test-method> <!-- setUp -->
        <test-method status="PASS" signature="testUntitled()[pri:0, instance:implicitwait.WaitTest@462d5aee]" name="testUntitled" duration-ms="1891" started-at="2022-03-25T15:14:37 IST" finished-at="2022-03-25T15:14:39 IST">
          <reporter-output>
          </reporter-output>
        </test-method> <!-- testUntitled -->
        <test-method status="PASS" signature="teardown()[pri:0, instance:implicitwait.WaitTest@462d5aee]" name="teardown" is-config="true" duration-ms="665" started-at="2022-03-25T15:14:39 IST" finished-at="2022-03-25T15:14:39 IST">
          <reporter-output>
          </reporter-output>
        </test-method> <!-- teardown -->
      </class> <!-- implicitwait.WaitTest -->
    </test> <!-- Default test -->
  </suite> <!-- Default suite -->
</testng-results>
