<?xml version="1.0" encoding="UTF-8"?>
<testng-results skipped="0" failed="0" ignored="0" total="1" passed="1">
  <reporter-output>
  </reporter-output>
  <suite name="Default suite" duration-ms="3114" started-at="2022-03-26T17:29:35 IST" finished-at="2022-03-26T17:29:38 IST">
    <groups>
    </groups>
    <test name="Default test" duration-ms="3114" started-at="2022-03-26T17:29:35 IST" finished-at="2022-03-26T17:29:38 IST">
      <class name="patch.Update">
        <test-method status="PASS" signature="update()[pri:0, instance:patch.Update@394e1a0f]" name="update" duration-ms="3068" started-at="2022-03-26T17:29:35 IST" finished-at="2022-03-26T17:29:38 IST">
          <reporter-output>
          </reporter-output>
        </test-method> <!-- update -->
      </class> <!-- patch.Update -->
    </test> <!-- Default test -->
  </suite> <!-- Default suite -->
</testng-results>
