<?xml version="1.0" encoding="UTF-8"?>
<!-- Generated by org.testng.reporters.JUnitXMLReporter -->
<testsuite hostname="LAPTOP-RKLP3EC1" ignored="0" name="Default test" tests="4" failures="0" timestamp="2022-03-24T00:03:36 IST" time="20.145" errors="0">
  <testcase name="verifytest1" time="4.332" classname="test1.Test1"/>
  <testcase name="verifytest2" time="3.06" classname="test1.Test1"/>
  <testcase name="verifytest3" time="2.774" classname="test1.Test1"/>
  <testcase name="verifytest4" time="9.919" classname="test1.Test1"/>
</testsuite> <!-- Default test -->
